<?xml version="1.0" encoding="UTF-8"?>
<!-- Generated by org.testng.reporters.JUnitXMLReporter -->
<testsuite hostname="Karthiks-MacBook-Air.local" failures="2" tests="7" name="Test" time="51.278" errors="0" timestamp="13 Jan 2020 21:53:11 GMT">
  <testcase classname="com.apex.ecommerce.order.test.OrderTest" name="validatePidTest" time="21.683"/>
  <testcase classname="com.apex.ecommerce.signon.test.SignonTest" name="testWithAllBlanks" time="0.638"/>
  <testcase classname="com.apex.ecommerce.signon.test.SignonTest" name="testWithBlankUserId" time="0.747"/>
  <testcase classname="com.apex.ecommerce.signon.test.SignonTest" name="testWithInvalidCharacters" time="0.703">
    <failure type="java.lang.AssertionError">
      <![CDATA[java.lang.AssertionError: 
	at com.apex.ecommerce.signon.test.SignonTest.testWithInvalidCharacters(SignonTest.java:65)
... Removed 31 stack frames]]>
    </failure>
  </testcase> <!-- testWithInvalidCharacters -->
  <testcase classname="com.apex.ecommerce.signon.test.SignonTest" name="testWithSuccessCredentials" time="0.806"/>
  <testcase classname="com.apex.ecommerce.signon.test.SignonTest" name="testWithWrong" time="0.653">
    <failure type="java.lang.AssertionError" message="expected:&amp;lt;Invalid Username / Password!&amp;gt; but was:&amp;lt;valid&amp;gt;">
      <![CDATA[java.lang.AssertionError: expected:<Invalid Username / Password!> but was:<valid>
	at com.apex.ecommerce.signon.test.SignonTest.testWithWrong(SignonTest.java:73)
... Removed 30 stack frames]]>
    </failure>
  </testcase> <!-- testWithWrong -->
  <testcase classname="com.apex.ecommerce.registration.test.RegistrationTest" name="testCreateAccount" time="4.32"/>
</testsuite> <!-- Test -->
