<?xml version="1.0" encoding="UTF-8"?>
<testsuite xmlns:xsi="http://www.w3.org/2001/XMLSchema-instance" xsi:noNamespaceSchemaLocation="https://maven.apache.org/surefire/maven-surefire-plugin/xsd/surefire-test-report-3.0.xsd" version="3.0" name="TestSuite" time="30.351" tests="5" errors="0" skipped="0" failures="2">
  <properties>
[...]
</properties>
  <testcase name="testWithAllBlanks" classname="com.apex.ecommerce.signon.test.SignonTest" time="1.219"/>
  <testcase name="testWithBlankUserId" classname="com.apex.ecommerce.signon.test.SignonTest" time="0.865"/>
  <testcase name="testWithInvalidCharacters" classname="com.apex.ecommerce.signon.test.SignonTest" time="1.068">
    <failure message="expected [true] but found [false]" type="java.lang.AssertionError"><![CDATA[java.lang.AssertionError: expected [true] but found [false]
	at com.apex.ecommerce.signon.test.SignonTest.testWithInvalidCharacters(SignonTest.java:65)
]]></failure>
    <system-err><![CDATA[Starting ChromeDriver 79.0.3945.36 (3582db32b33893869b8c1339e8f4d9ed1816f143-refs/branch-heads/3945@{#614}) on port 7914
Only local connections are allowed.
Please protect ports used by ChromeDriver and related test frameworks to prevent access by malicious code.
[1582615827.546][WARNING]: This version of ChromeDriver has not been tested with Chrome version 80.
Feb 24, 2020 11:30:27 PM org.openqa.selenium.remote.ProtocolHandshake createSession
INFO: Detected dialect: W3C
]]></system-err>
  </testcase>
  <testcase name="testWithSuccessCredentials" classname="com.apex.ecommerce.signon.test.SignonTest" time="1.057"/>
  <testcase name="testWithWrong" classname="com.apex.ecommerce.signon.test.SignonTest" time="0.831">
    <failure message="expected [valid] but found [Invalid Username / Password!]" type="java.lang.AssertionError"><![CDATA[java.lang.AssertionError: expected [valid] but found [Invalid Username / Password!]
	at com.apex.ecommerce.signon.test.SignonTest.testWithWrong(SignonTest.java:73)
]]></failure>
    <system-err><![CDATA[Starting ChromeDriver 79.0.3945.36 (3582db32b33893869b8c1339e8f4d9ed1816f143-refs/branch-heads/3945@{#614}) on port 33483
Only local connections are allowed.
Please protect ports used by ChromeDriver and related test frameworks to prevent access by malicious code.
[1582615835.950][WARNING]: This version of ChromeDriver has not been tested with Chrome version 80.
Feb 24, 2020 11:30:36 PM org.openqa.selenium.remote.ProtocolHandshake createSession
INFO: Detected dialect: W3C
]]></system-err>
  </testcase>
</testsuite>