<?xml version="1.0" encoding="UTF-8"?>
<testsuite xmlns:xsi="http://www.w3.org/2001/XMLSchema-instance" xsi:noNamespaceSchemaLocation="https://maven.apache.org/surefire/maven-surefire-plugin/xsd/surefire-test-report-3.0.xsd" version="3.0" name="TestSuite" time="75.611" tests="7" errors="0" skipped="0" failures="3">
  <properties>
[...]
</properties>
  <testcase name="validatePidTest" classname="com.apex.ecommerce.order.test.OrderTest" time="18.95">
    <failure message="unexpected alert open: {Alert text : Are you sure you want to remove this product from your cart}&#10;  (Session info: chrome=80.0.3987.87): Are you sure you want to remove this product from your cart&#10;Build info: version: &apos;3.9.0&apos;, revision: &apos;698b3178f0&apos;, time: &apos;2018-02-05T14:26:55.441Z&apos;&#10;System info: host: &apos;Karthiks-MacBook-Air.local&apos;, ip: &apos;2601:641:8000:e30:4096:dd0a:a4a5:29da%en0&apos;, os.name: &apos;Mac OS X&apos;, os.arch: &apos;x86_64&apos;, os.version: &apos;10.14.6&apos;, java.version: &apos;11.0.1&apos;&#10;Driver info: org.openqa.selenium.chrome.ChromeDriver&#10;Capabilities {acceptInsecureCerts: false, browserName: chrome, browserVersion: 80.0.3987.87, chrome: {chromedriverVersion: 79.0.3945.36 (3582db32b3389..., userDataDir: /var/folders/gc/rt94tmz93zj...}, goog:chromeOptions: {debuggerAddress: localhost:64488}, javascriptEnabled: true, networkConnectionEnabled: false, pageLoadStrategy: normal, platform: MAC, platformName: MAC, proxy: Proxy(), setWindowRect: true, strictFileInteractability: false, timeouts: {implicit: 0, pageLoad: 300000, script: 30000}, unhandledPromptBehavior: dismiss and notify}&#10;Session ID: a7cc859ac01c19625468a0f95b28df46&#10;*** Element info: {Using=xpath, value=//div[contains(text(),&apos;Checkout&apos;)]}" type="org.openqa.selenium.UnhandledAlertException"><![CDATA[org.openqa.selenium.UnhandledAlertException: 
unexpected alert open: {Alert text : Are you sure you want to remove this product from your cart}
  (Session info: chrome=80.0.3987.87): Are you sure you want to remove this product from your cart
Build info: version: '3.9.0', revision: '698b3178f0', time: '2018-02-05T14:26:55.441Z'
System info: host: 'Karthiks-MacBook-Air.local', ip: '2601:641:8000:e30:4096:dd0a:a4a5:29da%en0', os.name: 'Mac OS X', os.arch: 'x86_64', os.version: '10.14.6', java.version: '11.0.1'
Driver info: org.openqa.selenium.chrome.ChromeDriver
Capabilities {acceptInsecureCerts: false, browserName: chrome, browserVersion: 80.0.3987.87, chrome: {chromedriverVersion: 79.0.3945.36 (3582db32b3389..., userDataDir: /var/folders/gc/rt94tmz93zj...}, goog:chromeOptions: {debuggerAddress: localhost:64488}, javascriptEnabled: true, networkConnectionEnabled: false, pageLoadStrategy: normal, platform: MAC, platformName: MAC, proxy: Proxy(), setWindowRect: true, strictFileInteractability: false, timeouts: {implicit: 0, pageLoad: 300000, script: 30000}, unhandledPromptBehavior: dismiss and notify}
Session ID: a7cc859ac01c19625468a0f95b28df46
*** Element info: {Using=xpath, value=//div[contains(text(),'Checkout')]}
	at com.apex.ecommerce.order.test.OrderTest.validatePidTest(OrderTest.java:25)
]]></failure>
    <system-out><![CDATA[[TestNGContentHandler] [WARN] It is strongly recommended to add "<!DOCTYPE suite SYSTEM "http://testng.org/testng-1.0.dtd" >" at the top of your file, otherwise TestNG may fail or not work as expected.
6
]]></system-out>
    <system-err><![CDATA[Starting ChromeDriver 79.0.3945.36 (3582db32b33893869b8c1339e8f4d9ed1816f143-refs/branch-heads/3945@{#614}) on port 20687
Only local connections are allowed.
Please protect ports used by ChromeDriver and related test frameworks to prevent access by malicious code.
[1581114516.288][WARNING]: This version of ChromeDriver has not been tested with Chrome version 80.
Feb 07, 2020 2:28:37 PM org.openqa.selenium.remote.ProtocolHandshake createSession
INFO: Detected dialect: W3C
]]></system-err>
  </testcase>
  <testcase name="testWithAllBlanks" classname="com.apex.ecommerce.signon.test.SignonTest" time="1.135"/>
  <testcase name="testWithBlankUserId" classname="com.apex.ecommerce.signon.test.SignonTest" time="1.032"/>
  <testcase name="testWithInvalidCharacters" classname="com.apex.ecommerce.signon.test.SignonTest" time="1.308">
    <failure message="expected [true] but found [false]" type="java.lang.AssertionError"><![CDATA[java.lang.AssertionError: expected [true] but found [false]
	at com.apex.ecommerce.signon.test.SignonTest.testWithInvalidCharacters(SignonTest.java:65)
]]></failure>
    <system-err><![CDATA[Starting ChromeDriver 79.0.3945.36 (3582db32b33893869b8c1339e8f4d9ed1816f143-refs/branch-heads/3945@{#614}) on port 7684
Only local connections are allowed.
Please protect ports used by ChromeDriver and related test frameworks to prevent access by malicious code.
[1581114552.744][WARNING]: This version of ChromeDriver has not been tested with Chrome version 80.
Feb 07, 2020 2:29:13 PM org.openqa.selenium.remote.ProtocolHandshake createSession
INFO: Detected dialect: W3C
]]></system-err>
  </testcase>
  <testcase name="testWithSuccessCredentials" classname="com.apex.ecommerce.signon.test.SignonTest" time="1.436"/>
  <testcase name="testWithWrong" classname="com.apex.ecommerce.signon.test.SignonTest" time="1.449">
    <failure message="expected [valid] but found [Invalid Username / Password!]" type="java.lang.AssertionError"><![CDATA[java.lang.AssertionError: expected [valid] but found [Invalid Username / Password!]
	at com.apex.ecommerce.signon.test.SignonTest.testWithWrong(SignonTest.java:73)
]]></failure>
    <system-err><![CDATA[Starting ChromeDriver 79.0.3945.36 (3582db32b33893869b8c1339e8f4d9ed1816f143-refs/branch-heads/3945@{#614}) on port 18900
Only local connections are allowed.
Please protect ports used by ChromeDriver and related test frameworks to prevent access by malicious code.
[1581114564.263][WARNING]: This version of ChromeDriver has not been tested with Chrome version 80.
Feb 07, 2020 2:29:24 PM org.openqa.selenium.remote.ProtocolHandshake createSession
INFO: Detected dialect: W3C
]]></system-err>
  </testcase>
  <testcase name="testCreateAccount" classname="com.apex.ecommerce.registration.test.RegistrationTest" time="7.539"/>
</testsuite>