-------------------------------------------------------------------------------
Test set: TestSuite
-------------------------------------------------------------------------------
Tests run: 6, Failures: 1, Errors: 0, Skipped: 0, Time elapsed: 55.148 s <<< FAILURE! - in TestSuite
com.apex.ecommerce.signon.test.SignonTest.testWithWrong  Time elapsed: 0.653 s  <<< FAILURE!
java.lang.AssertionError: expected:<Invalid Username / Password!> but was:<valid>
	at com.apex.ecommerce.signon.test.SignonTest.testWithWrong(SignonTest.java:73)

